<?xml version="1.0" encoding="UTF-8" ?>
<testsuite errors="0" failures="0" hostname="ER01DSK40613061" name="com.test.junit.DummyJUnitTest" tests="2" time="0.548" timestamp="2013-01-17T04:44:36">
  <properties>
    <property name="libs.struts2lib-2-0-11-basic.maven-pom" value="" />
    <property name="libs.jsp-compiler.javadoc" value="" />
    <property name="netbeans.autoupdate.country" value="US" />
    <property name="javac.test.classpath" value=":build/web/WEB-INF/classes:D:\Program Files\NetBeans 6.9\platform\modules\ext\junit-4.5.jar" />
    <property name="libs.jsf20.maven-pom" value="" />
    <property name="libs.DataBindingME.src" value="" />
    <property name="libs.j2me_ant_ext.javadoc" value="" />
    <property name="source.root" value="src" />
    <property name="do.display.browser" value="true" />
    <property name="libs.proguard.javadoc" value="" />
    <property name="libs.junit.javadoc" value="D:\Program Files\NetBeans 6.9\java\docs\junit-3.8.2-api.zip" />
    <property name="libs.nsicom-ant-utils.src" value="" />
    <property name="libs.nokiaS80-ant-utils.javadoc" value="" />
    <property name="ant.core.lib" value="D:\Program Files\NetBeans 6.9\java\ant\lib\ant.jar" />
    <property name="libs.swing-app-framework.src" value="" />
    <property name="libs.jakarta_slide_ant_webdav.javadoc" value="" />
    <property name="javadoc.windowtitle" value="" />
    <property name="libs.toplink.classpath" value="D:\Program Files\NetBeans 6.9\java\modules\ext\toplink\toplink-essentials.jar;D:\Program Files\NetBeans 6.9\java\modules\ext\toplink\toplink-essentials-agent.jar" />
    <property name="libs.jsp-compilation.javadoc" value="" />
    <property name="user.dir" value="D:\testWorkspace\DevTesting" />
    <property name="libs.hibernate-persistence.javadoc" value="" />
    <property name="libs.JMUnit4CLDC10.javadoc" value="D:\Program Files\NetBeans 6.9\mobility\modules\docs\jmunit-1.2.1-api.zip" />
    <property name="java.vm.version" value="20.9-b04" />
    <property name="libs.DataBindingME.classpath" value="D:\Program Files\NetBeans 6.9\mobility\modules\ext\netbeans_databindingme.jar" />
    <property name="libs.jstl11.maven-pom" value="" />
    <property name="libs.JAX-WS-ENDORSED.classpath" value="" />
    <property name="libs.Java-EE-GlassFish-v3.wsimport" value="" />
    <property name="libs.nsicom-ant-utils.classpath" value="D:\Program Files\NetBeans 6.9\mobility\ant\nblib\org-netbeans-modules-j2me-cdc-project-nsicom.jar" />
    <property name="libs.MySQLDriver.classpath" value="D:\Program Files\NetBeans 6.9\ide\modules\ext\mysql-connector-java-5.1.6-bin.jar" />
    <property name="no.dependencies" value="false" />
    <property name="libs.jstl11.src" value="" />
    <property name="javadoc.notree" value="false" />
    <property name="lib.dir" value="web/WEB-INF/lib" />
    <property name="netbeans.autoupdate.version" value="1.23" />
    <property name="libs.EclipseLink-GlassFish-v3.classpath" value="D:\utils\servers\glassfish-3.0.1\glassfish-3.0.1\glassfish\modules\org.eclipse.persistence.antlr.jar;D:\utils\servers\glassfish-3.0.1\glassfish-3.0.1\glassfish\modules\org.eclipse.persistence.asm.jar;D:\utils\servers\glassfish-3.0.1\glassfish-3.0.1\glassfish\modules\org.eclipse.persistence.core.jar;D:\utils\servers\glassfish-3.0.1\glassfish-3.0.1\glassfish\modules\org.eclipse.persistence.jpa.jar;D:\utils\servers\glassfish-3.0.1\glassfish-3.0.1\glassfish\modules\org.eclipse.persistence.jpa.modelgen.jar;D:\utils\servers\glassfish-3.0.1\glassfish-3.0.1\glassfish\modules\org.eclipse.persistence.oracle.jar;D:\utils\servers\glassfish-3.0.1\glassfish-3.0.1\glassfish\modules\javax.persistence.jar" />
    <property name="libs.javaee-web-api-6.0.classpath" value="D:\Program Files\NetBeans 6.9\enterprise\modules\ext\javaee-web-api-6.0.jar" />
    <property name="libs.DataBindingME-PIM.maven-pom" value="" />
    <property name="libs.hibernate-support.maven-pom" value="" />
    <property name="libs.hibernate-support.javadoc" value="" />
    <property name="libs.NetBeans MIDP Components.maven-pom" value="" />
    <property name="jdk.home" value="C:\Program Files\Java\jdk1.6.0_34" />
    <property name="libs.javac-api.src" value="" />
    <property name="javadoc.noindex" value="false" />
    <property name="sun.os.patch.level" value="Service Pack 1" />
    <property name="do.tmp.war.package" value="true" />
    <property name="java.vm.specification.name" value="Java Virtual Machine Specification" />
    <property name="libs.semc-ant-utils.classpath" value="D:\Program Files\NetBeans 6.9\mobility\modules\ext\org-netbeans-modules-j2me-cdc-project-semc.jar" />
    <property name="nb.show.statistics.ui" value="usageStatisticsEnabled" />
    <property name="libs.nokiadeployment.classpath" value="D:\Program Files\NetBeans 6.9\mobility\modules\org-netbeans-modules-mobility-deployment-nokia.jar" />
    <property name="netbeans.autoupdate.variant" value="" />
    <property name="have.tests" value="true" />
    <property name="libs.nokiaS80-ant-utils.maven-pom" value="" />
    <property name="org.xml.sax.driver" value="com.sun.org.apache.xerces.internal.jaxp.SAXParserImpl$JAXPSAXParser" />
    <property name="libs.nb_svg_midp_components.src" value="D:\Program Files\NetBeans 6.9\mobility\sources\nb_svg_midp_components-src.zip" />
    <property name="j2ee.server.instance" value="tomcat60:home=D:\utils\servers\apache-tomcat-6.0.36" />
    <property name="libs.NetBeans MIDP Components WMA.src" value="D:\Program Files\NetBeans 6.9\mobility\sources\netbeans_midp_components_wma-src.zip" />
    <property name="libs.javac-api.javadoc" value="" />
    <property name="os.name" value="Windows 7" />
    <property name="libs.beans-binding.classpath" value="D:\Program Files\NetBeans 6.9\java\modules\ext\beansbinding-1.2.1.jar" />
    <property name="libs.DataBindingME-SVG.javadoc" value="D:\Program Files\NetBeans 6.9\mobility\modules\docs\netbeans_databindingme_svg-api.zip" />
    <property name="libs.restapi.javadoc" value="D:\Program Files\NetBeans 6.9\enterprise\docs\jsr311-api-1.1.1-javadoc.zip" />
    <property name="libs.JWSAntTasks.maven-pom" value="" />
    <property name="libs.spring-webmvc3.0.src" value="" />
    <property name="libs.restapi.classpath" value="D:\Program Files\NetBeans 6.9\enterprise\modules\ext\rest\jsr311-api-1.1.1.jar" />
    <property name="runmain.jvmargs" value="" />
    <property name="java.vendor.url.bug" value="http://java.sun.com/cgi-bin/bugreport.cgi" />
    <property name="libs.nsicom-ant-utils.javadoc" value="" />
    <property name="libs.jaxb.maven-pom" value="" />
    <property name="os.arch" value="x86" />
    <property name="libs.eclipselink.src" value="" />
    <property name="user.name" value="3129916" />
    <property name="libs.jsf12.javadoc" value="D:\Program Files\NetBeans 6.9\enterprise\docs\javaee6-doc-api.zip" />
    <property name="libs.Comet-GlassFish-v3.javadoc" value="" />
    <property name="libs.spring-webmvc3.0.maven-pom" value="" />
    <property name="libs.swing-layout.maven-pom" value="" />
    <property name="sun.java.command" value="org.apache.tools.ant.taskdefs.optional.junit.JUnitTestRunner com.test.junit.DummyJUnitTest filtertrace=true haltOnError=false haltOnFailure=false showoutput=true outputtoformatters=true logfailedtests=true logtestlistenerevents=true formatter=org.apache.tools.ant.taskdefs.optional.junit.BriefJUnitResultFormatter formatter=org.apache.tools.ant.taskdefs.optional.junit.XMLJUnitResultFormatter,D:\testWorkspace\DevTesting\build\test\results\TEST-com.test.junit.DummyJUnitTest.xml crashfile=C:\Users\3129916\AppData\Local\Temp\junitvmwatcher7411088606791936770.properties propsfile=C:\Users\3129916\AppData\Local\Temp\junit6463520452724913574.properties" />
    <property name="build.classes.dir" value="build/web/WEB-INF/classes" />
    <property name="netbeans.accept_license_class" value="org.netbeans.license.AcceptLicense" />
    <property name="libs.Java-EE-GlassFish-v3.wsjwsdp" value="" />
    <property name="libs.jaxws21.javadoc" value="D:\Program Files\NetBeans 6.9\java\docs\jaxws-api-doc.zip" />
    <property name="build.web.excludes" value="**/*.java,**/*.form" />
    <property name="includes" value="**" />
    <property name="user.country" value="US" />
    <property name="libs.jstl11.javadoc" value="D:\Program Files\NetBeans 6.9\enterprise\docs\javaee6-doc-api.zip" />
    <property name="libs.JMUnit4CLDC11.src" value="" />
    <property name="javadoc.encoding" value="UTF-8" />
    <property name="javac.classpath" value="" />
    <property name="libs.struts2lib-2-1-8-basic.classpath" value="C:\Users\3129916\.netbeans\6.9\modules\ext\struts2-2.1.8\commons-io-1.3.2.jar;C:\Users\3129916\.netbeans\6.9\modules\ext\struts2-2.1.8\commons-fileupload-1.2.1.jar;C:\Users\3129916\.netbeans\6.9\modules\ext\struts2-2.1.8\commons-logging-1.0.4.jar;C:\Users\3129916\.netbeans\6.9\modules\ext\struts2-2.1.8\freemarker-2.3.15.jar;C:\Users\3129916\.netbeans\6.9\modules\ext\struts2-2.1.8\ognl-2.7.3.jar;C:\Users\3129916\.netbeans\6.9\modules\ext\struts2-2.1.8\struts2-core-2.1.8.1.jar;C:\Users\3129916\.netbeans\6.9\modules\ext\struts2-2.1.8\xwork-core-2.1.6.jar" />
    <property name="do.debug.server" value="true" />
    <property name="debug-transport" value="dt_shmem" />
    <property name="netbeans.system_http_non_proxy_hosts" value="https://*.ultimatix.*;172.16.*.*;172.20.*.*;172.21.*.*;192.168.*.*;*.cmcltd.com;10.95.3.*;192.168.140.*;10.90.*;172.31.1.*;&lt;local&gt;" />
    <property name="netbeans.home" value="D:\Program Files\NetBeans 6.9\platform" />
    <property name="build.compiler.emacs" value="true" />
    <property name="libs.javaee-web-api-6.0.src" value="" />
    <property name="libs.ejb3-persistence.src" value="" />
    <property name="libs.Java-EE-GlassFish-v3.javadoc" value="D:\Program Files\NetBeans 6.9\enterprise\docs\javaee6-doc-api.zip" />
    <property name="libs.nokiaS80-ant-utils.src" value="" />
    <property name="libs.cdc-pp-awt-layout.javadoc" value="" />
    <property name="libs.j2me_ant_ext.classpath" value="D:\Program Files\NetBeans 6.9\mobility\modules\org-netbeans-modules-mobility-antext.jar;D:\Program Files\NetBeans 6.9\java\modules\org-netbeans-modules-classfile.jar" />
    <property name="java.endorsed.dirs" value="C:\Program Files\Java\jdk1.6.0_34\jre\lib\endorsed" />
    <property name="libs.Comet-GlassFish-v3.maven-pom" value="" />
    <property name="libs.groovy-all.src" value="" />
    <property name="netbeans.dynamic.classpath" value="D:\Program Files\NetBeans 6.9\platform\core\core.jar;D:\Program Files\NetBeans 6.9\platform\core\org-openide-filesystems.jar;D:\Program Files\NetBeans 6.9\platform\core\locale\core_ja.jar;D:\Program Files\NetBeans 6.9\platform\core\locale\core_pt_BR.jar;D:\Program Files\NetBeans 6.9\platform\core\locale\core_zh_CN.jar;D:\Program Files\NetBeans 6.9\platform\core\locale\org-openide-filesystems_ja.jar;D:\Program Files\NetBeans 6.9\platform\core\locale\org-openide-filesystems_pt_BR.jar;D:\Program Files\NetBeans 6.9\platform\core\locale\org-openide-filesystems_zh_CN.jar;D:\Program Files\NetBeans 6.9\nb\core\org-netbeans-upgrader.jar;D:\Program Files\NetBeans 6.9\nb\core\locale\core_nb.jar;D:\Program Files\NetBeans 6.9\nb\core\locale\core_nb_ja.jar;D:\Program Files\NetBeans 6.9\nb\core\locale\core_nb_pt_BR.jar;D:\Program Files\NetBeans 6.9\nb\core\locale\core_nb_zh_CN.jar;D:\Program Files\NetBeans 6.9\nb\core\locale\org-netbeans-upgrader_ja.jar;D:\Program Files\NetBeans 6.9\nb\core\locale\org-netbeans-upgrader_pt_BR.jar;D:\Program Files\NetBeans 6.9\nb\core\locale\org-netbeans-upgrader_zh_CN.jar" />
    <property name="libs.cdc-agui-swing-layout.maven-pom" value="" />
    <property name="libs.cdc-pp-awt-layout.src" value="D:\Program Files\NetBeans 6.9\mobility\sources\cdc-pp-awt-layout-src.zip" />
    <property name="java.vm.specification.version" value="1.0" />
    <property name="libs.jakarta_slide_ant_webdav.src" value="" />
    <property name="libs.javaee-api-6.0.classpath" value="D:\Program Files\NetBeans 6.9\enterprise\modules\ext\javaee-api-6.0.jar" />
    <property name="libs.sjmc-ant-utils.maven-pom" value="" />
    <property name="libs.groovy-all.maven-pom" value="" />
    <property name="libs.JMUnit4CLDC10.maven-pom" value="" />
    <property name="libs.hibernate-persistence.classpath" value="D:\Program Files\NetBeans 6.9\java\modules\ext\hibernate\antlr-2.7.6.jar;D:\Program Files\NetBeans 6.9\java\modules\ext\hibernate\asm.jar;D:\Program Files\NetBeans 6.9\java\modules\ext\hibernate\asm-attrs.jar;D:\Program Files\NetBeans 6.9\java\modules\ext\hibernate\cglib-2.1.3.jar;D:\Program Files\NetBeans 6.9\java\modules\ext\hibernate\commons-collections-2.1.1.jar;D:\Program Files\NetBeans 6.9\ide\modules\ext\commons-logging-1.1.jar;D:\Program Files\NetBeans 6.9\java\modules\ext\hibernate\dom4j-1.6.1.jar;D:\Program Files\NetBeans 6.9\java\modules\ext\hibernate\ehcache-1.2.3.jar;D:\Program Files\NetBeans 6.9\java\modules\ext\hibernate\jdbc2_0-stdext.jar;D:\Program Files\NetBeans 6.9\java\modules\ext\hibernate\jta.jar;D:\Program Files\NetBeans 6.9\java\modules\ext\hibernate\hibernate3.jar;D:\Program Files\NetBeans 6.9\java\modules\ext\hibernate\hibernate-tools.jar;D:\Program Files\NetBeans 6.9\java\modules\ext\hibernate\hibernate-annotations.jar;D:\Program Files\NetBeans 6.9\java\modules\ext\hibernate\hibernate-commons-annotations.jar;D:\Program Files\NetBeans 6.9\java\modules\ext\hibernate\hibernate-entitymanager.jar;D:\Program Files\NetBeans 6.9\java\modules\ext\hibernate\javassist.jar;D:\Program Files\NetBeans 6.9\java\modules\ext\hibernate\ejb3-persistence.jar" />
    <property name="libs.jaxws21.src" value="" />
    <property name="do.war.package.with.custom.manifest" value="true" />
    <property name="libs.swing-app-framework.classpath" value="D:\Program Files\NetBeans 6.9\java\modules\ext\appframework-1.0.3.jar;D:\Program Files\NetBeans 6.9\java\modules\ext\swing-worker-1.1.jar" />
    <property name="netbeans.autoupdate.language" value="en" />
    <property name="libs.jakarta_slide_ant_webdav.classpath" value="D:\Program Files\NetBeans 6.9\mobility\modules\ext\commons-httpclient-3.0.1.jar;D:\Program Files\NetBeans 6.9\ide\modules\ext\commons-logging-1.1.jar;D:\Program Files\NetBeans 6.9\java\modules\ext\jdom-1.0.jar;D:\Program Files\NetBeans 6.9\mobility\modules\ext\jakarta-slide-webdavlib-2.1.jar;D:\Program Files\NetBeans 6.9\mobility\modules\ext\jakarta-slide-ant-webdav-2.1.jar" />
    <property name="java.vendor" value="Sun Microsystems Inc." />
    <property name="libs.JMUnit4CLDC10.src" value="" />
    <property name="libs.javaee-api-6.0.javadoc" value="D:\Program Files\NetBeans 6.9\enterprise\docs\javaee6-doc-api.zip" />
    <property name="javac.debug" value="true" />
    <property name="javadoc.splitindex" value="true" />
    <property name="file.separator" value="\" />
    <property name="libs.IdentityAntTasks.src" value="" />
    <property name="libs.restlib_gfv3ee6.classpath" value="D:\utils\servers\glassfish-3.0.1\glassfish-3.0.1\glassfish\modules\asm-all-repackaged.jar;D:\utils\servers\glassfish-3.0.1\glassfish-3.0.1\glassfish\modules\jackson-core-asl.jar;D:\utils\servers\glassfish-3.0.1\glassfish-3.0.1\glassfish\modules\jersey-gf-bundle.jar;D:\utils\servers\glassfish-3.0.1\glassfish-3.0.1\glassfish\modules\jersey-multipart.jar;D:\utils\servers\glassfish-3.0.1\glassfish-3.0.1\glassfish\modules\jettison.jar;D:\utils\servers\glassfish-3.0.1\glassfish-3.0.1\glassfish\modules\jsr311-api.jar" />
    <property name="libs.ActiveSync.classpath" value="D:\Program Files\NetBeans 6.9\mobility\modules\ext\nbactivesync-5.0.jar" />
    <property name="libs.junit_4.maven-pom" value="" />
    <property name="resource.dir" value="setup" />
    <property name="javac.test.processorpath" value=":build/web/WEB-INF/classes:D:\Program Files\NetBeans 6.9\platform\modules\ext\junit-4.5.jar" />
    <property name="netbeans.buildnumber" value="201006101454" />
    <property name="libs.JWSAntTasks.javadoc" value="" />
    <property name="build.generated.sources.dir" value="build/generated-sources" />
    <property name="user.variant" value="" />
    <property name="libs.Java-EE-GlassFish-v3.wscompile" value="" />
    <property name="sun.java.launcher" value="SUN_STANDARD" />
    <property name="libs.junit.classpath" value="D:\Program Files\NetBeans 6.9\java\modules\ext\junit-3.8.2.jar" />
    <property name="libs.jaxb.javadoc" value="D:\Program Files\NetBeans 6.9\ide\docs\jaxb-api-doc.zip" />
    <property name="libs.struts.classpath" value="D:\Program Files\NetBeans 6.9\enterprise\modules\ext\struts\antlr-2.7.2.jar;D:\Program Files\NetBeans 6.9\enterprise\modules\ext\struts\bsf-2.3.0.jar;D:\Program Files\NetBeans 6.9\enterprise\modules\ext\struts\commons-beanutils-1.7.0.jar;D:\Program Files\NetBeans 6.9\enterprise\modules\ext\struts\commons-chain-1.1.jar;D:\Program Files\NetBeans 6.9\enterprise\modules\ext\struts\commons-digester-1.8.jar;D:\Program Files\NetBeans 6.9\enterprise\modules\ext\struts\commons-fileupload-1.1.1.jar;D:\Program Files\NetBeans 6.9\enterprise\modules\ext\struts\commons-io-1.1.jar;D:\Program Files\NetBeans 6.9\enterprise\modules\ext\struts\commons-logging-1.0.4.jar;D:\Program Files\NetBeans 6.9\enterprise\modules\ext\struts\commons-validator-1.3.1.jar;D:\Program Files\NetBeans 6.9\enterprise\modules\ext\struts\jstl-1.0.2.jar;D:\Program Files\NetBeans 6.9\enterprise\modules\ext\struts\oro-2.0.8.jar;D:\Program Files\NetBeans 6.9\enterprise\modules\ext\struts\standard-1.0.2.jar;D:\Program Files\NetBeans 6.9\enterprise\modules\ext\struts\struts-core-1.3.8.jar;D:\Program Files\NetBeans 6.9\enterprise\modules\ext\struts\struts-el-1.3.8.jar;D:\Program Files\NetBeans 6.9\enterprise\modules\ext\struts\struts-extras-1.3.8.jar;D:\Program Files\NetBeans 6.9\enterprise\modules\ext\struts\struts-faces-1.3.8.jar;D:\Program Files\NetBeans 6.9\enterprise\modules\ext\struts\struts-mailreader-dao-1.3.8.jar;D:\Program Files\NetBeans 6.9\enterprise\modules\ext\struts\struts-scripting-1.3.8.jar;D:\Program Files\NetBeans 6.9\enterprise\modules\ext\struts\struts-taglib-1.3.8.jar;D:\Program Files\NetBeans 6.9\enterprise\modules\ext\struts\struts-tiles-1.3.8.jar" />
    <property name="application.args.param" value="" />
    <property name="org.openide.awt.SwingBrowserImpl.do-not-block-awt" value="false" />
    <property name="ant.home" value="D:\Program Files\NetBeans 6.9\java\ant" />
    <property name="libs.junit_4.src" value="D:\Program Files\NetBeans 6.9\java\docs\junit-4.5-src.jar" />
    <property name="libs.ricoh-ant-utils.maven-pom" value="" />
    <property name="conf.dir" value="src/conf" />
    <property name="webinf.dir" value="web/WEB-INF" />
    <property name="ant.file.DevTesting-impl" value="D:\testWorkspace\DevTesting\nbproject\build-impl.xml" />
    <property name="libs.absolutelayout.maven-pom" value="" />
    <property name="libs.struts2lib-2-1-8-basic.javadoc" value="" />
    <property name="ant.java.version" value="1.6" />
    <property name="java.library.path" value="C:\Program Files\Java\jdk1.6.0_34\jre\bin;C:\Windows\Sun\Java\bin;C:\Windows\system32;C:\Windows;D:\ORANT\bin;C:\Windows\system32;C:\Windows;C:\Windows\System32\Wbem;C:\Windows\System32\WindowsPowerShell\v1.0\;D:\ORANT\jdk\bin;D:\utils\maven\maven-3.0.3\bin;." />
    <property name="javadoc.author" value="false" />
    <property name="libs.metro.maven-pom" value="" />
    <property name="libs.IdentityAntTasks.classpath" value="D:\Program Files\NetBeans 6.9\identity\ant\nblib\org-netbeans-modules-identity-ant.jar;D:\Program Files\NetBeans 6.9\identity\modules\org-netbeans-modules-identity-profile-api.jar" />
    <property name="libs.EclipseLink-GlassFish-v3.src" value="" />
    <property name="java.util.logging.config.class" value="org.netbeans.core.startup.TopLogging" />
    <property name="https.proxyPort" value="3128" />
    <property name="libs.PostgreSQLDriver.src" value="" />
    <property name="ant.file.DevTesting" value="D:\testWorkspace\DevTesting\build.xml" />
    <property name="sun.arch.data.model" value="32" />
    <property name="basedir" value="D:\testWorkspace\DevTesting" />
    <property name="libs.ActiveSync.src" value="" />
    <property name="jar.compress" value="false" />
    <property name="libs.NetBeans MIDP Components PDA.src" value="D:\Program Files\NetBeans 6.9\mobility\sources\netbeans_midp_components_pda-src.zip" />
    <property name="libs.jstl11.classpath" value="D:\Program Files\NetBeans 6.9\enterprise\modules\ext\standard.jar;D:\Program Files\NetBeans 6.9\enterprise\modules\ext\jstl.jar" />
    <property name="path.separator" value=";" />
    <property name="dist.war" value="dist/DevTesting.war" />
    <property name="libs.javaee-web-api-6.0.javadoc" value="D:\Program Files\NetBeans 6.9\enterprise\docs\javaee6-doc-api.zip" />
    <property name="sun.io.unicode.encoding" value="UnicodeLittle" />
    <property name="libs.semc-ant-utils.javadoc" value="" />
    <property name="libs.jaxws21.classpath" value="D:\Program Files\NetBeans 6.9\ide\modules\ext\jaxb\jaxb-impl.jar;D:\Program Files\NetBeans 6.9\ide\modules\ext\jaxb\jaxb-xjc.jar;D:\Program Files\NetBeans 6.9\java\modules\ext\jaxws22\FastInfoset.jar;D:\Program Files\NetBeans 6.9\java\modules\ext\jaxws22\gmbal-api-only.jar;D:\Program Files\NetBeans 6.9\java\modules\ext\jaxws22\http.jar;D:\Program Files\NetBeans 6.9\java\modules\ext\jaxws22\jaxws-rt.jar;D:\Program Files\NetBeans 6.9\java\modules\ext\jaxws22\jaxws-tools.jar;D:\Program Files\NetBeans 6.9\java\modules\ext\jaxws22\management-api.jar;D:\Program Files\NetBeans 6.9\java\modules\ext\jaxws22\mimepull.jar;D:\Program Files\NetBeans 6.9\java\modules\ext\jaxws22\policy.jar;D:\Program Files\NetBeans 6.9\java\modules\ext\jaxws22\saaj-impl.jar;D:\Program Files\NetBeans 6.9\java\modules\ext\jaxws22\stax-ex.jar;D:\Program Files\NetBeans 6.9\java\modules\ext\jaxws22\streambuffer.jar;D:\Program Files\NetBeans 6.9\java\modules\ext\jaxws22\woodstox.jar;D:\Program Files\NetBeans 6.9\java\modules\ext\jaxws22\api\jaxws-api.jar;D:\Program Files\NetBeans 6.9\java\modules\ext\jaxws22\api\jsr181-api.jar;D:\Program Files\NetBeans 6.9\java\modules\ext\jaxws22\api\jsr250-api.jar;D:\Program Files\NetBeans 6.9\java\modules\ext\jaxws22\api\saaj-api.jar;D:\Program Files\NetBeans 6.9\ide\modules\ext\jaxb\activation.jar;D:\Program Files\NetBeans 6.9\ide\modules\ext\jaxb\api\jaxb-api.jar;D:\Program Files\NetBeans 6.9\ide\modules\ext\jaxb\api\jsr173_api.jar" />
    <property name="libs.struts.src" value="" />
    <property name="user.language" value="en" />
    <property name="j2ee.platform.classpath" value="D:\utils\servers\apache-tomcat-6.0.36\lib\annotations-api.jar:D:\utils\servers\apache-tomcat-6.0.36\lib\catalina-ant.jar:D:\utils\servers\apache-tomcat-6.0.36\lib\catalina-ha.jar:D:\utils\servers\apache-tomcat-6.0.36\lib\catalina-tribes.jar:D:\utils\servers\apache-tomcat-6.0.36\lib\catalina.jar:D:\utils\servers\apache-tomcat-6.0.36\lib\ecj-3.7.2.jar:D:\utils\servers\apache-tomcat-6.0.36\lib\el-api.jar:D:\utils\servers\apache-tomcat-6.0.36\lib\jasper-el.jar:D:\utils\servers\apache-tomcat-6.0.36\lib\jasper.jar:D:\utils\servers\apache-tomcat-6.0.36\lib\jsp-api.jar:D:\utils\servers\apache-tomcat-6.0.36\lib\servlet-api.jar:D:\utils\servers\apache-tomcat-6.0.36\lib\tomcat-coyote.jar:D:\utils\servers\apache-tomcat-6.0.36\lib\tomcat-dbcp.jar:D:\utils\servers\apache-tomcat-6.0.36\lib\tomcat-i18n-es.jar:D:\utils\servers\apache-tomcat-6.0.36\lib\tomcat-i18n-fr.jar:D:\utils\servers\apache-tomcat-6.0.36\lib\tomcat-i18n-ja.jar:D:\utils\servers\apache-tomcat-6.0.36\bin\tomcat-juli.jar" />
    <property name="libs.spring-framework.classpath" value="D:\Program Files\NetBeans 6.9\ide\modules\ext\commons-logging-1.1.jar;D:\Program Files\NetBeans 6.9\java\modules\ext\cglib-2.2.jar;D:\Program Files\NetBeans 6.9\java\modules\ext\spring\spring-2.5.6.SEC01.jar" />
    <property name="libs.eclipselink.maven-pom" value="" />
    <property name="build.meta.inf.dir" value="build/web/META-INF" />
    <property name="persistence.xml.dir" value="src/conf" />
    <property name="libs.spring-framework300.maven-pom" value="" />
    <property name="run.test.classpath" value=":build/web/WEB-INF/classes:D:\Program Files\NetBeans 6.9\platform\modules\ext\junit-4.5.jar:build/test/classes" />
    <property name="ant.project.invoked-targets" value="test" />
    <property name="useJavaUtilZip" value="true" />
    <property name="libs.swing-layout.javadoc" value="D:\Program Files\NetBeans 6.9\platform\docs\swing-layout-1.0.4-doc.zip" />
    <property name="libs.swing-app-framework.javadoc" value="D:\Program Files\NetBeans 6.9\java\docs\appframework-1.0.3-doc.zip" />
    <property name="libs.ejb3-persistence.maven-pom" value="" />
    <property name="libs.proguard.classpath" value="D:\Program Files\NetBeans 6.9\mobility\external\proguard\proguard4.4.jar" />
    <property name="libs.DataBindingME-SVG.classpath" value="D:\Program Files\NetBeans 6.9\mobility\modules\ext\netbeans_databindingme_svg.jar" />
    <property name="https.nonProxyHosts" value="https://*.ultimatix.*|172.16.*.*|172.20.*.*|172.21.*.*|192.168.*.*|*.cmcltd.com|10.95.3.*|192.168.140.*|10.90.*|172.31.1.*|&lt;local&gt;*|localhost|127.0.0.1|ER01DSK40613061" />
    <property name="libs.PostgreSQLDriver.maven-pom" value="" />
    <property name="java.class.version" value="50.0" />
    <property name="libs.javaee-endorsed-api-6.0.src" value="" />
    <property name="libs.cdc-ant-utils.classpath" value="D:\Program Files\NetBeans 6.9\mobility\modules\ext\org-netbeans-modules-j2me-cdc-project.jar" />
    <property name="netbeans.system_http_proxy" value="192.168.34.12:3128" />
    <property name="libs.eclipselink.javadoc" value="D:\Program Files\NetBeans 6.9\enterprise\docs\javaee6-doc-api.zip" />
    <property name="libs.NetBeans MIDP Components WMA.maven-pom" value="" />
    <property name="libs.jsp-compilation.maven-pom" value="" />
    <property name="user.properties.file" value="C:\Users\3129916\.netbeans\6.9\build.properties" />
    <property name="libs.struts2lib-2-0-11-basic.src" value="" />
    <property name="build.web.dir" value="build/web" />
    <property name="libs.spring-framework.src" value="" />
    <property name="libs.javac-api.maven-pom" value="" />
    <property name="file.encoding.pkg" value="sun.io" />
    <property name="sun.cpu.endian" value="little" />
    <property name="libs.JWSAntTasks.classpath" value="D:\Program Files\NetBeans 6.9\java\ant\extra\org-netbeans-modules-javawebstart-anttasks.jar" />
    <property name="libs.spring-framework300.src" value="" />
    <property name="libs.ant-contrib.classpath" value="D:\Program Files\NetBeans 6.9\mobility\modules\ext\ant-contrib-1.0b3.jar" />
    <property name="ant.file.type.DevTesting-impl" value="file" />
    <property name="empty.dir" value="D:\testWorkspace\DevTesting\build\empty" />
    <property name="display.browser" value="true" />
    <property name="version-output" value="java version &quot;1.6" />
    <property name="javadoc.preview" value="true" />
    <property name="java.home" value="C:\Program Files\Java\jdk1.6.0_34\jre" />
    <property name="libs.jsp-compilation.src" value="" />
    <property name="libs.ricoh-ant-utils.src" value="" />
    <property name="libs.spring-webmvc.src" value="" />
    <property name="libs.ant-contrib.javadoc" value="" />
    <property name="debug.test.classpath" value=":build/web/WEB-INF/classes:D:\Program Files\NetBeans 6.9\platform\modules\ext\junit-4.5.jar:build/test/classes" />
    <property name="libs.javaee-endorsed-api-6.0.classpath" value="D:\Program Files\NetBeans 6.9\enterprise\modules\ext\javaee6-endorsed\javax.annotation.jar;D:\Program Files\NetBeans 6.9\enterprise\modules\ext\javaee6-endorsed\jaxb-api-osgi.jar;D:\Program Files\NetBeans 6.9\enterprise\modules\ext\javaee6-endorsed\webservices-api-osgi.jar" />
    <property name="libs.javaee-api-6.0.src" value="" />
    <property name="netbeans.importclass" value="org.netbeans.upgrade.AutoUpgrade" />
    <property name="ant.project.default-target" value="default" />
    <property name="annotation.processing.run.all.processors" value="true" />
    <property name="libs.savaje-ant-utils.classpath" value="D:\Program Files\NetBeans 6.9\mobility\modules\ext\org-netbeans-modules-j2me-cdc-project-savaje.jar" />
    <property name="libs.toplink.maven-pom" value="" />
    <property name="libs.DataBindingME.maven-pom" value="" />
    <property name="libs.PostgreSQLDriver.javadoc" value="" />
    <property name="libs.restlib.classpath" value="D:\Program Files\NetBeans 6.9\enterprise\modules\ext\rest\asm-3.1.jar;D:\Program Files\NetBeans 6.9\enterprise\modules\ext\rest\jackson-core-asl-1.1.1.jar;D:\Program Files\NetBeans 6.9\enterprise\modules\ext\rest\jersey-client-1.1.5.1.jar;D:\Program Files\NetBeans 6.9\enterprise\modules\ext\rest\jersey-core-1.1.5.1.jar;D:\Program Files\NetBeans 6.9\enterprise\modules\ext\rest\jersey-json-1.1.5.1.jar;D:\Program Files\NetBeans 6.9\enterprise\modules\ext\rest\jersey-server-1.1.5.1.jar;D:\Program Files\NetBeans 6.9\enterprise\modules\ext\rest\jersey-spring-1.1.5.1.jar;D:\Program Files\NetBeans 6.9\enterprise\modules\ext\rest\jettison-1.1.jar;D:\Program Files\NetBeans 6.9\enterprise\modules\ext\rest\oauth-client-1.1.5.1.jar;D:\Program Files\NetBeans 6.9\enterprise\modules\ext\rest\oauth-signature-1.1.5.1.jar;D:\Program Files\NetBeans 6.9\ide\modules\ext\jaxb\activation.jar;D:\Program Files\NetBeans 6.9\ide\modules\ext\jaxb\api\jaxb-api.jar;D:\Program Files\NetBeans 6.9\ide\modules\ext\jaxb\api\jsr173_api.jar" />
    <property name="libs.JAX-WS-ENDORSED.maven-pom" value="" />
    <property name="libs.JMUnit4CLDC11.javadoc" value="D:\Program Files\NetBeans 6.9\mobility\modules\docs\jmunit-1.2.1-api.zip" />
    <property name="libs.nsicom-ant-utils.maven-pom" value="" />
    <property name="libs.MySQLDriver.maven-pom" value="" />
    <property name="libs.JAX-WS-ENDORSED.src" value="" />
    <property name="libs.savaje-ant-utils.src" value="" />
    <property name="http.nonProxyHosts" value="https://*.ultimatix.*|172.16.*.*|172.20.*.*|172.21.*.*|192.168.*.*|*.cmcltd.com|10.95.3.*|192.168.140.*|10.90.*|172.31.1.*|&lt;local&gt;*|localhost|127.0.0.1|ER01DSK40613061" />
    <property name="libs.junit_4.javadoc" value="D:\Program Files\NetBeans 6.9\java\docs\junit-4.5-api.zip" />
    <property name="libs.spring-webmvc.javadoc" value="" />
    <property name="libs.toplink.src" value="" />
    <property name="libs.EclipseLink-GlassFish-v3.maven-pom" value="" />
    <property name="libs.javaee-web-api-6.0.maven-pom" value="" />
    <property name="libs.cdc-pp-awt-layout.classpath" value="D:\Program Files\NetBeans 6.9\mobility\modules\ext\cdc-pp-awt-layout.jar" />
    <property name="j2ee.deploy.on.save" value="true" />
    <property name="libs.cdc-agui-swing-layout.src" value="D:\Program Files\NetBeans 6.9\mobility\sources\cdc-agui-swing-layout-src.zip" />
    <property name="libs.hibernate-support.src" value="" />
    <property name="libs.javaee-endorsed-api-6.0.javadoc" value="D:\Program Files\NetBeans 6.9\enterprise\docs\javaee6-doc-api.zip" />
    <property name="libs.JMUnit4CLDC11.classpath" value="D:\Program Files\NetBeans 6.9\mobility\modules\ext\jmunit4cldc11-1.2.1.jar" />
    <property name="http.proxyHost" value="192.168.34.12" />
    <property name="libs.nb_svg_midp_components.classpath" value="D:\Program Files\NetBeans 6.9\mobility\modules\ext\nb_svg_midp_components.jar" />
    <property name="libs.spring-webmvc3.0.javadoc" value="" />
    <property name="annotation.processing.enabled.in.editor" value="true" />
    <property name="libs.NetBeans MIDP Components PDA.classpath" value="D:\Program Files\NetBeans 6.9\mobility\modules\ext\netbeans_midp_components_pda.jar" />
    <property name="libs.semc-ant-utils.maven-pom" value="" />
    <property name="libs.nokiadeployment.maven-pom" value="" />
    <property name="libs.restapi.src" value="" />
    <property name="libs.NetBeans MIDP Components.javadoc" value="D:\Program Files\NetBeans 6.9\mobility\modules\docs\netbeans_midp_components_basic-api.zip" />
    <property name="sun.management.compiler" value="HotSpot Client Compiler" />
    <property name="javac.deprecation" value="false" />
    <property name="javadoc.use" value="true" />
    <property name="jna.boot.library.path" value="C:\Users\3129916\.netbeans\6.9\var\cache\jna" />
    <property name="client.urlPart" value="" />
    <property name="sun.java2d.noddraw" value="true" />
    <property name="libs.jsp-compiler.classpath" value="D:\Program Files\NetBeans 6.9\enterprise\ant\extra\jspcompile.jar" />
    <property name="dist.ear.war" value="dist/DevTesting.war" />
    <property name="javac.processorpath" value="" />
    <property name="libs.spring-webmvc.classpath" value="D:\Program Files\NetBeans 6.9\enterprise\modules\ext\spring\spring-webmvc-2.5.6.SEC01.jar" />
    <property name="javac.compilerargs" value="" />
    <property name="ant.file" value="D:\testWorkspace\DevTesting\build.xml" />
    <property name="libs.beans-binding.maven-pom" value="" />
    <property name="libs.jsf12.classpath" value="D:\Program Files\NetBeans 6.9\enterprise\modules\ext\jsf-1_2\commons-beanutils.jar;D:\Program Files\NetBeans 6.9\enterprise\modules\ext\jsf-1_2\commons-collections.jar;D:\Program Files\NetBeans 6.9\enterprise\modules\ext\jsf-1_2\commons-digester.jar;D:\Program Files\NetBeans 6.9\enterprise\modules\ext\jsf-1_2\commons-logging.jar;D:\Program Files\NetBeans 6.9\enterprise\modules\ext\jsf-1_2\jsf-api.jar;D:\Program Files\NetBeans 6.9\enterprise\modules\ext\jsf-1_2\jsf-impl.jar" />
    <property name="libs.struts2lib-2-1-8-basic.src" value="" />
    <property name="sun.awt.exception.handler" value="org.netbeans.core.startup.TopLogging$AWTHandler" />
    <property name="has.custom.manifest" value="true" />
    <property name="libs.restapi.maven-pom" value="" />
    <property name="libs.beans-binding.src" value="" />
    <property name="libs.NetBeans MIDP Components PDA.javadoc" value="D:\Program Files\NetBeans 6.9\mobility\modules\docs\netbeans_midp_components_pda-api.zip" />
    <property name="java.vm.specification.vendor" value="Sun Microsystems Inc." />
    <property name="libs.DataBindingME-PIM.javadoc" value="D:\Program Files\NetBeans 6.9\mobility\modules\docs\netbeans_databindingme_pim-api.zip" />
    <property name="libs.swing-layout.src" value="D:\Program Files\NetBeans 6.9\platform\docs\swing-layout-1.0.4-src.zip" />
    <property name="libs.Java-EE-GlassFish-v3.embedabbleejb" value="" />
    <property name="libs.j2me_ant_ext.src" value="" />
    <property name="org.openide.major.version" value="IDE/1" />
    <property name="java.vm.name" value="Java HotSpot(TM) Client VM" />
    <property name="do.display.browser.debug" value="true" />
    <property name="netbeans.user" value="C:\Users\3129916\.netbeans\6.9" />
    <property name="javadoc.additionalparam" value="" />
    <property name="libs.ricoh-ant-utils.classpath" value="D:\Program Files\NetBeans 6.9\mobility\modules\ext\org-netbeans-modules-j2me-cdc-project-ricoh.jar;D:\Program Files\NetBeans 6.9\mobility\modules\ext\RicohAntTasks-2.0.jar;D:\Program Files\NetBeans 6.9\mobility\modules\ext\commons-httpclient-3.0.jar;D:\Program Files\NetBeans 6.9\ide\modules\ext\commons-logging-1.1.jar;D:\Program Files\NetBeans 6.9\mobility\modules\ext\commons-codec-1.3.jar" />
    <property name="ant.file.type.DevTesting" value="file" />
    <property name="java.io.tmpdir" value="C:\Users\3129916\AppData\Local\Temp\" />
    <property name="java.vendor.url" value="http://java.sun.com/" />
    <property name="endorsed.classpath.cmd.line.arg" value="-Xbootclasspath/p:&apos;D:\testWorkspace\DevTesting\${endorsed.classpath}&apos;" />
    <property name="compile.jsps" value="false" />
    <property name="libs.struts2lib-2-0-11-basic.classpath" value="C:\Users\3129916\.netbeans\6.9\modules\ext\struts2-2.0.11\commons-logging-1.0.4.jar;C:\Users\3129916\.netbeans\6.9\modules\ext\struts2-2.0.11\freemarker-2.3.8.jar;C:\Users\3129916\.netbeans\6.9\modules\ext\struts2-2.0.11\ognl-2.6.11.jar;C:\Users\3129916\.netbeans\6.9\modules\ext\struts2-2.0.11\struts2-core-2.0.11.jar;C:\Users\3129916\.netbeans\6.9\modules\ext\struts2-2.0.11\xwork-2.0.4.jar" />
    <property name="libs.jsp-compiler.src" value="" />
    <property name="deploy.ant.properties.file" value="C:\Users\3129916\.netbeans\6.9\tomcat60.properties" />
    <property name="sun.boot.library.path" value="C:\Program Files\Java\jdk1.6.0_34\jre\bin" />
    <property name="have.sources" value="true" />
    <property name="war.name" value="DevTesting.war" />
    <property name="debug.classpath" value="build/web/WEB-INF/classes:" />
    <property name="javadoc.private" value="false" />
    <property name="test.src.dir" value="test" />
    <property name="libs.jsf20.classpath" value="D:\Program Files\NetBeans 6.9\enterprise\modules\ext\jsf-2_0\jsf-api.jar;D:\Program Files\NetBeans 6.9\enterprise\modules\ext\jsf-2_0\jsf-impl.jar" />
    <property name="javadoc.encoding.used" value="UTF-8" />
    <property name="libs.DataBindingME-SVG.src" value="" />
    <property name="java.runtime.name" value="Java(TM) SE Runtime Environment" />
    <property name="libs.struts2lib-2-1-8-basic.maven-pom" value="" />
    <property name="ant.project.name" value="DevTesting" />
    <property name="netbeans.hash.code" value="unique=NB_GFMOD_GROOVY_JAVA_JC_MOB_WEBEE04e10ed76-8ec1-4366-8cc0-daee81bb7893_832b94e6-97cf-447a-8e42-f59c4b5a34f7" />
    <property name="libs.j2me_ant_ext.maven-pom" value="" />
    <property name="sun.cpu.isalist" value="pentium_pro+mmx pentium_pro pentium+mmx pentium i486 i386 i86" />
    <property name="libs.CopyLibs.javadoc" value="" />
    <property name="org.openide.specification.version" value="6.2" />
    <property name="libs.ActiveSync.javadoc" value="" />
    <property name="j2ee.server.home" value="D:\utils\servers\apache-tomcat-6.0.36" />
    <property name="libs.hibernate-support.classpath" value="D:\Program Files\NetBeans 6.9\java\modules\ext\hibernate\antlr-2.7.6.jar;D:\Program Files\NetBeans 6.9\java\modules\ext\hibernate\asm.jar;D:\Program Files\NetBeans 6.9\java\modules\ext\hibernate\asm-attrs.jar;D:\Program Files\NetBeans 6.9\java\modules\ext\hibernate\cglib-2.1.3.jar;D:\Program Files\NetBeans 6.9\java\modules\ext\hibernate\commons-collections-2.1.1.jar;D:\Program Files\NetBeans 6.9\ide\modules\ext\commons-logging-1.1.jar;D:\Program Files\NetBeans 6.9\java\modules\ext\hibernate\dom4j-1.6.1.jar;D:\Program Files\NetBeans 6.9\java\modules\ext\hibernate\ehcache-1.2.3.jar;D:\Program Files\NetBeans 6.9\java\modules\ext\hibernate\jdbc2_0-stdext.jar;D:\Program Files\NetBeans 6.9\java\modules\ext\hibernate\jta.jar;D:\Program Files\NetBeans 6.9\java\modules\ext\hibernate\hibernate3.jar;D:\Program Files\NetBeans 6.9\java\modules\ext\hibernate\hibernate-tools.jar;D:\Program Files\NetBeans 6.9\java\modules\ext\hibernate\hibernate-annotations.jar;D:\Program Files\NetBeans 6.9\java\modules\ext\hibernate\hibernate-commons-annotations.jar;D:\Program Files\NetBeans 6.9\java\modules\ext\hibernate\hibernate-entitymanager.jar;D:\Program Files\NetBeans 6.9\java\modules\ext\hibernate\javassist.jar" />
    <property name="libs.DataBindingME-PIM.classpath" value="D:\Program Files\NetBeans 6.9\mobility\modules\ext\netbeans_databindingme_pim.jar" />
    <property name="user.home" value="C:\Users\3129916" />
    <property name="annotation.processing.processors.list" value="" />
    <property name="debug-args-line" value="-Xdebug" />
    <property name="libs.NetBeans MIDP Components.classpath" value="D:\Program Files\NetBeans 6.9\mobility\modules\ext\netbeans_midp_components_basic.jar" />
    <property name="libs.javaee-api-6.0.maven-pom" value="" />
    <property name="libs.JWSAntTasks.src" value="" />
    <property name="libs.CopyLibs.maven-pom" value="" />
    <property name="libs.absolutelayout.javadoc" value="" />
    <property name="libs.spring-framework300.javadoc" value="" />
    <property name="libs.hibernate-persistence.maven-pom" value="" />
    <property name="java.specification.name" value="Java Platform API Specification" />
    <property name="libs.swing-app-framework.maven-pom" value="" />
    <property name="libs.NetBeans MIDP Components WMA.classpath" value="D:\Program Files\NetBeans 6.9\mobility\modules\ext\netbeans_midp_components_wma.jar" />
    <property name="libs.jakarta_slide_ant_webdav.maven-pom" value="" />
    <property name="no.dist.ear.dir" value="true" />
    <property name="libs.sjmc-ant-utils.src" value="" />
    <property name="java.specification.vendor" value="Sun Microsystems Inc." />
    <property name="libs.cdc-agui-swing-layout.javadoc" value="" />
    <property name="libs.javac-api.classpath" value="D:\Program Files\NetBeans 6.9\java\modules\ext\javac-api-nb-7.0-b07.jar" />
    <property name="java.version" value="1.6.0_34" />
    <property name="libs.nokiaS80-ant-utils.classpath" value="D:\Program Files\NetBeans 6.9\mobility\modules\ext\org-netbeans-modules-j2me-cdc-project-nokiaS80.jar" />
    <property name="javadoc.version" value="false" />
    <property name="libs.NetBeans MIDP Components WMA.javadoc" value="D:\Program Files\NetBeans 6.9\mobility\modules\docs\netbeans_midp_components_wma-api.zip" />
    <property name="libs.MySQLDriver.javadoc" value="" />
    <property name="org.openide.version" value="deprecated" />
    <property name="libs.restlib_gfv3ee6.maven-pom" value="" />
    <property name="source.encoding" value="UTF-8" />
    <property name="libs.ActiveSync.maven-pom" value="" />
    <property name="ap.cmd.line.internal" value="" />
    <property name="libs.junit.maven-pom" value="" />
    <property name="libs.metro.javadoc" value="D:\Program Files\NetBeans 6.9\enterprise\docs\metro-1.4-doc.zip" />
    <property name="libs.struts.maven-pom" value="" />
    <property name="netbeans.home+have.tests" value="true" />
    <property name="libs.IdentityAntTasks.maven-pom" value="" />
    <property name="libs.jaxb.src" value="" />
    <property name="libs.Java-EE-GlassFish-v3.wsgenerate" value="" />
    <property name="libs.cdc-ant-utils.src" value="" />
    <property name="libs.jaxb.classpath" value="D:\Program Files\NetBeans 6.9\ide\modules\ext\jaxb\jaxb-impl.jar;D:\Program Files\NetBeans 6.9\ide\modules\ext\jaxb\jaxb-xjc.jar;D:\Program Files\NetBeans 6.9\ide\modules\ext\jaxb\jaxb1-impl.jar;D:\Program Files\NetBeans 6.9\ide\modules\ext\jaxb\activation.jar;D:\Program Files\NetBeans 6.9\ide\modules\ext\jaxb\api\jaxb-api.jar;D:\Program Files\NetBeans 6.9\ide\modules\ext\jaxb\api\jsr173_api.jar" />
    <property name="dist.javadoc.dir" value="dist/javadoc" />
    <property name="libs.spring-webmvc3.0.classpath" value="D:\Program Files\NetBeans 6.9\java\modules\ext\spring-3.0\spring-webmvc-3.0.2.RELEASE.jar" />
    <property name="libs.swing-layout.classpath" value="D:\Program Files\NetBeans 6.9\platform\modules\ext\swing-layout-1.0.4.jar" />
    <property name="libs.restlib.src" value="" />
    <property name="javac.source" value="1.5" />
    <property name="build.generated.dir" value="build/generated" />
    <property name="line.separator" value="
" />
    <property name="libs.proguard.src" value="" />
    <property name="libs.hibernate-persistence.src" value="" />
    <property name="libs.nb_svg_midp_components.javadoc" value="D:\Program Files\NetBeans 6.9\mobility\modules\docs\nb_svg_midp_components-api.zip" />
    <property name="java.specification.version" value="1.6" />
    <property name="java.vm.info" value="mixed mode, sharing" />
    <property name="libs.jaxws21.maven-pom" value="" />
    <property name="libs.cdc-ant-utils.javadoc" value="" />
    <property name="libs.spring-framework.maven-pom" value="" />
    <property name="sun.boot.class.path" value="D:\testWorkspace\DevTesting\${endorsed.classpath};C:\Program Files\Java\jdk1.6.0_34\jre\lib\resources.jar;C:\Program Files\Java\jdk1.6.0_34\jre\lib\rt.jar;C:\Program Files\Java\jdk1.6.0_34\jre\lib\sunrsasign.jar;C:\Program Files\Java\jdk1.6.0_34\jre\lib\jsse.jar;C:\Program Files\Java\jdk1.6.0_34\jre\lib\jce.jar;C:\Program Files\Java\jdk1.6.0_34\jre\lib\charsets.jar;C:\Program Files\Java\jdk1.6.0_34\jre\lib\modules\jdk.boot.jar;C:\Program Files\Java\jdk1.6.0_34\jre\classes" />
    <property name="javac.target" value="1.5" />
    <property name="build.test.classes.dir" value="build/test/classes" />
    <property name="src.dir" value="src/java" />
    <property name="libs.IdentityAntTasks.javadoc" value="" />
    <property name="sun.awt.keepWorkingSetOnMinimize" value="true" />
    <property name="annotation.processing.enabled" value="true" />
    <property name="libs.jsf20.src" value="" />
    <property name="libs.proguard.maven-pom" value="" />
    <property name="libs.DataBindingME-SVG.maven-pom" value="" />
    <property name="libs.jsf12.src" value="" />
    <property name="libs.nokiadeployment.src" value="" />
    <property name="j2ee.platform" value="1.5" />
    <property name="libs.savaje-ant-utils.javadoc" value="" />
    <property name="libs.struts.javadoc" value="D:\Program Files\NetBeans 6.9\enterprise\docs\struts-1.3.8-javadoc.zip" />
    <property name="libs.Comet-GlassFish-v3.classpath" value="D:\utils\servers\glassfish-3.0.1\glassfish-3.0.1\glassfish\modules\grizzly-comet.jar" />
    <property name="libs.cdc-ant-utils.maven-pom" value="" />
    <property name="web.docbase.dir" value="web" />
    <property name="libs.restlib_gfv3ee6.javadoc" value="D:\Program Files\NetBeans 6.9\enterprise\docs\jsr311-api-1.1.1-javadoc.zip" />
    <property name="libs.JAX-WS-ENDORSED.javadoc" value="" />
    <property name="libs.cdc-agui-swing-layout.classpath" value="D:\Program Files\NetBeans 6.9\mobility\modules\ext\cdc-agui-swing-layout.jar" />
    <property name="dist.dir" value="dist" />
    <property name="libs.groovy-all.javadoc" value="" />
    <property name="http.proxyPort" value="3128" />
    <property name="libs.groovy-all.classpath" value="D:\Program Files\NetBeans 6.9\groovy\modules\ext\groovy-all.jar" />
    <property name="libs.sjmc-ant-utils.classpath" value="D:\Program Files\NetBeans 6.9\mobility\modules\ext\org-netbeans-modules-j2me-cdc-project-sjmc.jar" />
    <property name="libs.JMUnit4CLDC10.classpath" value="D:\Program Files\NetBeans 6.9\mobility\modules\ext\jmunit4cldc10-1.2.1.jar" />
    <property name="java.awt.printerjob" value="sun.awt.windows.WPrinterJob" />
    <property name="default.javac.source" value="1.6" />
    <property name="debug-transport-by-os" value="dt_shmem" />
    <property name="sun.jnu.encoding" value="Cp1252" />
    <property name="libs.MySQLDriver.src" value="" />
    <property name="libs.ant-contrib.maven-pom" value="" />
    <property name="libs.struts2lib-2-0-11-basic.javadoc" value="" />
    <property name="libs.nokiadeployment.javadoc" value="" />
    <property name="build.test.results.dir" value="build/test/results" />
    <property name="java.runtime.version" value="1.6.0_34-b04" />
    <property name="libs.ejb3-persistence.javadoc" value="" />
    <property name="libs.NetBeans MIDP Components.src" value="D:\Program Files\NetBeans 6.9\mobility\sources\netbeans_midp_components_basic-src.zip" />
    <property name="libs.sjmc-ant-utils.javadoc" value="" />
    <property name="do.tmp.war.package.with.custom.manifest" value="true" />
    <property name="default.javac.target" value="1.6" />
    <property name="libs.Java-EE-GlassFish-v3.src" value="" />
    <property name="libs.junit_4.classpath" value="D:\Program Files\NetBeans 6.9\platform\modules\ext\junit-4.5.jar" />
    <property name="user.timezone" value="" />
    <property name="libs.ant-contrib.src" value="" />
    <property name="libs.javaee-endorsed-api-6.0.maven-pom" value="" />
    <property name="netbeans.dirs" value="D:\Program Files\NetBeans 6.9\nb;D:\Program Files\NetBeans 6.9\ide;D:\Program Files\NetBeans 6.9\java;D:\Program Files\NetBeans 6.9\ergonomics;D:\Program Files\NetBeans 6.9\xml;D:\Program Files\NetBeans 6.9\apisupport;D:\Program Files\NetBeans 6.9\webcommon;D:\Program Files\NetBeans 6.9\websvccommon;D:\Program Files\NetBeans 6.9\enterprise;D:\Program Files\NetBeans 6.9\mobility;D:\Program Files\NetBeans 6.9\profiler;D:\Program Files\NetBeans 6.9\ruby;D:\Program Files\NetBeans 6.9\python;D:\Program Files\NetBeans 6.9\php;D:\Program Files\NetBeans 6.9\visualweb;D:\Program Files\NetBeans 6.9\soa;D:\Program Files\NetBeans 6.9\identity;D:\Program Files\NetBeans 6.9\uml;D:\Program Files\NetBeans 6.9\harness;D:\Program Files\NetBeans 6.9\cnd;D:\Program Files\NetBeans 6.9\dlight;D:\Program Files\NetBeans 6.9\groovy;D:\Program Files\NetBeans 6.9\extra;D:\Program Files\NetBeans 6.9\javafx;D:\Program Files\NetBeans 6.9\javacard" />
    <property name="libs.jsf20.javadoc" value="D:\Program Files\NetBeans 6.9\enterprise\docs\javaee6-doc-api.zip" />
    <property name="libs.restlib_gfv3ee6.src" value="" />
    <property name="java.ext.dirs" value="C:\Program Files\Java\jdk1.6.0_34\jre\lib\ext;C:\Windows\Sun\Java\lib\ext" />
    <property name="libs.metro.src" value="" />
    <property name="libs.semc-ant-utils.src" value="" />
    <property name="libs.savaje-ant-utils.maven-pom" value="" />
    <property name="libs.absolutelayout.classpath" value="" />
    <property name="excludes" value="" />
    <property name="libs.metro.classpath" value="D:\Program Files\NetBeans 6.9\ide\modules\ext\jaxb\activation.jar;D:\Program Files\NetBeans 6.9\enterprise\modules\ext\metro\webservices-api.jar;D:\Program Files\NetBeans 6.9\enterprise\modules\ext\metro\webservices-extra-api.jar;D:\Program Files\NetBeans 6.9\enterprise\modules\ext\metro\webservices-extra.jar;D:\Program Files\NetBeans 6.9\enterprise\modules\ext\metro\webservices-rt.jar;D:\Program Files\NetBeans 6.9\enterprise\modules\ext\metro\webservices-tools.jar" />
    <property name="libs.restlib.maven-pom" value="" />
    <property name="libs.DataBindingME.javadoc" value="D:\Program Files\NetBeans 6.9\mobility\modules\docs\netbeans_databindingme-api.zip" />
    <property name="java.class.path" value="D:\testWorkspace\DevTesting\build\web\WEB-INF\classes;D:\Program Files\NetBeans 6.9\platform\modules\ext\junit-4.5.jar;D:\testWorkspace\DevTesting\build\test\classes;D:\utils\servers\apache-tomcat-6.0.36\lib\annotations-api.jar;D:\utils\servers\apache-tomcat-6.0.36\lib\catalina-ant.jar;D:\utils\servers\apache-tomcat-6.0.36\lib\catalina-ha.jar;D:\utils\servers\apache-tomcat-6.0.36\lib\catalina-tribes.jar;D:\utils\servers\apache-tomcat-6.0.36\lib\catalina.jar;D:\utils\servers\apache-tomcat-6.0.36\lib\ecj-3.7.2.jar;D:\utils\servers\apache-tomcat-6.0.36\lib\el-api.jar;D:\utils\servers\apache-tomcat-6.0.36\lib\jasper-el.jar;D:\utils\servers\apache-tomcat-6.0.36\lib\jasper.jar;D:\utils\servers\apache-tomcat-6.0.36\lib\jsp-api.jar;D:\utils\servers\apache-tomcat-6.0.36\lib\servlet-api.jar;D:\utils\servers\apache-tomcat-6.0.36\lib\tomcat-coyote.jar;D:\utils\servers\apache-tomcat-6.0.36\lib\tomcat-dbcp.jar;D:\utils\servers\apache-tomcat-6.0.36\lib\tomcat-i18n-es.jar;D:\utils\servers\apache-tomcat-6.0.36\lib\tomcat-i18n-fr.jar;D:\utils\servers\apache-tomcat-6.0.36\lib\tomcat-i18n-ja.jar;D:\utils\servers\apache-tomcat-6.0.36\bin\tomcat-juli.jar;D:\Program Files\NetBeans 6.9\java\ant\lib\ant-launcher.jar;D:\Program Files\NetBeans 6.9\java\ant\lib\ant.jar;D:\Program Files\NetBeans 6.9\java\ant\patches\72080.jar" />
    <property name="apple.laf.useScreenMenuBar" value="true" />
    <property name="libs.absolutelayout.src" value="" />
    <property name="j2ee.server.type" value="Tomcat60" />
    <property name="libs.cdc-pp-awt-layout.maven-pom" value="" />
    <property name="os.version" value="6.1" />
    <property name="libs.EclipseLink-GlassFish-v3.javadoc" value="D:\Program Files\NetBeans 6.9\enterprise\docs\javaee6-doc-api.zip" />
    <property name="libs.JMUnit4CLDC11.maven-pom" value="" />
    <property name="libs.toplink.javadoc" value="D:\Program Files\NetBeans 6.9\enterprise\docs\javaee6-doc-api.zip" />
    <property name="sun.desktop" value="windows" />
    <property name="libs.nb_svg_midp_components.maven-pom" value="" />
    <property name="libs.Comet-GlassFish-v3.src" value="" />
    <property name="libs.ricoh-ant-utils.javadoc" value="" />
    <property name="libs.NetBeans MIDP Components PDA.maven-pom" value="" />
    <property name="libs.restlib.javadoc" value="D:\Program Files\NetBeans 6.9\enterprise\docs\jersey-client-1.1.5.1-javadoc.zip;D:\Program Files\NetBeans 6.9\enterprise\docs\jersey-core-1.1.5.1-javadoc.zip;D:\Program Files\NetBeans 6.9\enterprise\docs\jersey-json-1.1.5.1-javadoc.zip;D:\Program Files\NetBeans 6.9\enterprise\docs\jersey-spring-1.1.5.1-javadoc.zip;D:\Program Files\NetBeans 6.9\enterprise\docs\oauth-client-1.1.5.1-javadoc.zip;D:\Program Files\NetBeans 6.9\enterprise\docs\oauth-signature-1.1.5.1-javadoc.zip" />
    <property name="war.content.additional" value="" />
    <property name="j2ee.platform.embeddableejb.classpath" value="" />
    <property name="libs.eclipselink.classpath" value="D:\Program Files\NetBeans 6.9\java\modules\ext\eclipselink\eclipselink-2.0.2.jar;D:\Program Files\NetBeans 6.9\java\modules\ext\eclipselink\eclipselink-javax.persistence-2.0.jar" />
    <property name="libs.beans-binding.javadoc" value="D:\Program Files\NetBeans 6.9\java\docs\beansbinding-1.2.1-doc.zip" />
    <property name="java.awt.graphicsenv" value="sun.awt.Win32GraphicsEnvironment" />
    <property name="libs.Java-EE-GlassFish-v3.classpath" value="D:\utils\servers\glassfish-3.0.1\glassfish-3.0.1\glassfish\modules\javax.jms.jar;D:\utils\servers\glassfish-3.0.1\glassfish-3.0.1\glassfish\modules\javax.servlet.jsp.jar;D:\utils\servers\glassfish-3.0.1\glassfish-3.0.1\glassfish\modules\endorsed\webservices-api-osgi.jar;D:\utils\servers\glassfish-3.0.1\glassfish-3.0.1\glassfish\modules\jstl-impl.jar;D:\utils\servers\glassfish-3.0.1\glassfish-3.0.1\glassfish\modules\endorsed\jaxb-api-osgi.jar;D:\utils\servers\glassfish-3.0.1\glassfish-3.0.1\glassfish\modules\javax.servlet.jar;D:\utils\servers\glassfish-3.0.1\glassfish-3.0.1\glassfish\modules\jsf-api.jar;D:\utils\servers\glassfish-3.0.1\glassfish-3.0.1\glassfish\modules\weld-osgi-bundle.jar;D:\utils\servers\glassfish-3.0.1\glassfish-3.0.1\glassfish\modules\javax.servlet.jsp.jstl.jar;D:\utils\servers\glassfish-3.0.1\glassfish-3.0.1\glassfish\modules\jsf-impl.jar;D:\utils\servers\glassfish-3.0.1\glassfish-3.0.1\glassfish\modules\endorsed\javax.annotation.jar;D:\utils\servers\glassfish-3.0.1\glassfish-3.0.1\glassfish\modules\jsr311-api.jar;D:\utils\servers\glassfish-3.0.1\glassfish-3.0.1\glassfish\modules\bean-validator.jar;D:\utils\servers\glassfish-3.0.1\glassfish-3.0.1\glassfish\modules\javax.management.j2ee.jar;D:\utils\servers\glassfish-3.0.1\glassfish-3.0.1\glassfish\modules\mail.jar;D:\utils\servers\glassfish-3.0.1\glassfish-3.0.1\glassfish\modules\javax.transaction.jar;D:\utils\servers\glassfish-3.0.1\glassfish-3.0.1\glassfish\modules\javax.resource.jar;D:\utils\servers\glassfish-3.0.1\glassfish-3.0.1\glassfish\modules\javax.enterprise.deploy.jar;D:\utils\servers\glassfish-3.0.1\glassfish-3.0.1\glassfish\modules\javax.security.auth.message.jar;D:\utils\servers\glassfish-3.0.1\glassfish-3.0.1\glassfish\modules\javax.persistence.jar;D:\utils\servers\glassfish-3.0.1\glassfish-3.0.1\glassfish\modules\javax.security.jacc.jar;D:\utils\servers\glassfish-3.0.1\glassfish-3.0.1\glassfish\modules\javax.ejb.jar;D:\utils\servers\glassfish-3.0.1\glassfish-3.0.1\glassfish\modules\web-core.jar" />
    <property name="java.vm.vendor" value="Sun Microsystems Inc." />
    <property name="libs.CopyLibs.classpath" value="D:\Program Files\NetBeans 6.9\java\ant\extra\org-netbeans-modules-java-j2seproject-copylibstask.jar" />
    <property name="libs.spring-framework300.classpath" value="D:\Program Files\NetBeans 6.9\ide\modules\ext\commons-logging-1.1.jar;D:\Program Files\NetBeans 6.9\java\modules\ext\cglib-2.2.jar;D:\Program Files\NetBeans 6.9\java\modules\ext\spring-3.0\spring-aop-3.0.2.RELEASE.jar;D:\Program Files\NetBeans 6.9\java\modules\ext\spring-3.0\spring-asm-3.0.2.RELEASE.jar;D:\Program Files\NetBeans 6.9\java\modules\ext\spring-3.0\spring-aspects-3.0.2.RELEASE.jar;D:\Program Files\NetBeans 6.9\java\modules\ext\spring-3.0\spring-beans-3.0.2.RELEASE.jar;D:\Program Files\NetBeans 6.9\java\modules\ext\spring-3.0\spring-context-3.0.2.RELEASE.jar;D:\Program Files\NetBeans 6.9\java\modules\ext\spring-3.0\spring-context-support-3.0.2.RELEASE.jar;D:\Program Files\NetBeans 6.9\java\modules\ext\spring-3.0\spring-core-3.0.2.RELEASE.jar;D:\Program Files\NetBeans 6.9\java\modules\ext\spring-3.0\spring-expression-3.0.2.RELEASE.jar;D:\Program Files\NetBeans 6.9\java\modules\ext\spring-3.0\spring-instrument-3.0.2.RELEASE.jar;D:\Program Files\NetBeans 6.9\java\modules\ext\spring-3.0\spring-instrument-tomcat-3.0.2.RELEASE.jar;D:\Program Files\NetBeans 6.9\java\modules\ext\spring-3.0\spring-jdbc-3.0.2.RELEASE.jar;D:\Program Files\NetBeans 6.9\java\modules\ext\spring-3.0\spring-jms-3.0.2.RELEASE.jar;D:\Program Files\NetBeans 6.9\java\modules\ext\spring-3.0\spring-orm-3.0.2.RELEASE.jar;D:\Program Files\NetBeans 6.9\java\modules\ext\spring-3.0\spring-oxm-3.0.2.RELEASE.jar;D:\Program Files\NetBeans 6.9\java\modules\ext\spring-3.0\spring-test-3.0.2.RELEASE.jar;D:\Program Files\NetBeans 6.9\java\modules\ext\spring-3.0\spring-tx-3.0.2.RELEASE.jar;D:\Program Files\NetBeans 6.9\java\modules\ext\spring-3.0\spring-web-3.0.2.RELEASE.jar;D:\Program Files\NetBeans 6.9\java\modules\ext\spring-3.0\spring-webmvc-portlet-3.0.2.RELEASE.jar;D:\Program Files\NetBeans 6.9\java\modules\ext\spring-3.0\spring-webmvc-3.0.2.RELEASE.jar;D:\Program Files\NetBeans 6.9\java\modules\ext\spring-3.0\spring-struts-3.0.2.RELEASE.jar" />
    <property name="libs.jsp-compiler.maven-pom" value="" />
    <property name="libs.spring-webmvc.maven-pom" value="" />
    <property name="libs.Java-EE-GlassFish-v3.wsinterop" value="" />
    <property name="libs.ejb3-persistence.classpath" value="D:\Program Files\NetBeans 6.9\java\modules\ext\hibernate\ejb3-persistence.jar" />
    <property name="libs.spring-framework.javadoc" value="" />
    <property name="libs.DataBindingME-PIM.src" value="" />
    <property name="libs.PostgreSQLDriver.classpath" value="D:\Program Files\NetBeans 6.9\ide\modules\ext\postgresql-8.3-603.jdbc3.jar" />
    <property name="libs.jsf12.maven-pom" value="" />
    <property name="libs.junit.src" value="" />
    <property name="annotation.processing.source.output" value="build/generated-sources/ap-source-output" />
    <property name="libs.CopyLibs.src" value="" />
    <property name="build.dir" value="build" />
    <property name="libs.jsp-compilation.classpath" value="D:\Program Files\NetBeans 6.9\java\ant\lib\ant.jar;D:\Program Files\NetBeans 6.9\enterprise\modules\ext\servlet2.5-jsp2.1-api.jar;D:\Program Files\NetBeans 6.9\enterprise\modules\ext\glassfish-jspparser-2.0.jar;D:\Program Files\NetBeans 6.9\enterprise\modules\ext\glassfish-logging-2.0.jar;D:\Program Files\NetBeans 6.9\ide\modules\ext\commons-logging-1.1.jar;D:\Program Files\NetBeans 6.9\java\ant\lib\ant-launcher.jar" />
    <property name="ant.version" value="Apache Ant version 1.8.0 compiled on February 1 2010" />
    <property name="file.encoding" value="Cp1252" />
    <property name="build.classes.excludes" value="**/*.java,**/*.form" />
    <property name="javadoc.nonavbar" value="false" />
    <property name="platform.active" value="default_platform" />
    <property name="https.proxyHost" value="192.168.34.12" />
    <property name="awt.toolkit" value="sun.awt.windows.WToolkit" />
    <property name="war.ear.name" value="DevTesting.war" />
  </properties>
  <testcase classname="com.test.junit.DummyJUnitTest" name="testAddMethod" time="0.0030" />
  <testcase classname="com.test.junit.DummyJUnitTest" name="testAddMethod2" time="0.0020" />
  <system-out><![CDATA[Running beforClass
Running Before
Running After
Running Before
Test2
Running After
Running Afterclass
]]></system-out>
  <system-err><![CDATA[]]></system-err>
</testsuite>
